<?xml version="1.0" encoding="UTF-8"?>
<testng-results ignored="0" total="1" passed="1" failed="0" skipped="0">
  <reporter-output>
  </reporter-output>
  <suite started-at="2026-03-31T14:11:01 GMT+07:00" name="Smoke Suite" finished-at="2026-03-31T14:11:07 GMT+07:00" duration-ms="6418">
    <groups>
    </groups>
    <test started-at="2026-03-31T14:11:01 GMT+07:00" name="Smoke Tests" finished-at="2026-03-31T14:11:07 GMT+07:00" duration-ms="6418">
      <class name="com.example.tests.GoogleTest">
        <test-method signature="testGoogleTitle()[pri:0, instance:com.example.tests.GoogleTest@dd8ba08]" started-at="2026-03-31T14:11:01 GMT+07:00" name="testGoogleTitle" finished-at="2026-03-31T14:11:07 GMT+07:00" duration-ms="6386" status="PASS">
          <reporter-output>
          </reporter-output>
        </test-method> <!-- testGoogleTitle -->
      </class> <!-- com.example.tests.GoogleTest -->
    </test> <!-- Smoke Tests -->
  </suite> <!-- Smoke Suite -->
</testng-results>
